level="INFO" timestamp="2018-02-21 01:15:23,184Z" category="org.eclipse.jetty.util.log" Logging initialized @2831ms
level="INFO" timestamp="2018-02-21 01:15:23,341Z" category="io.dropwizard.server.DefaultServerFactory" Registering jersey handler with root path prefix: /
level="INFO" timestamp="2018-02-21 01:15:23,341Z" category="io.dropwizard.server.DefaultServerFactory" Registering admin handler with root path prefix: /
level="INFO" timestamp="2018-02-21 01:15:23,631Z" category="org.hibernate.Version" HHH000412: Hibernate Core {5.1.0.Final}
level="INFO" timestamp="2018-02-21 01:15:23,633Z" category="org.hibernate.cfg.Environment" HHH000206: hibernate.properties not found
level="INFO" timestamp="2018-02-21 01:15:23,635Z" category="org.hibernate.cfg.Environment" HHH000021: Bytecode provider name : javassist
level="INFO" timestamp="2018-02-21 01:15:23,653Z" category="io.dropwizard.hibernate.SessionFactoryFactory" Entity classes: [com.interview.entity.Account]
level="INFO" timestamp="2018-02-21 01:15:23,706Z" category="org.hibernate.annotations.common.Version" HCANN000001: Hibernate Commons Annotations {5.0.1.Final}
level="INFO" timestamp="2018-02-21 01:15:24,169Z" category="org.hibernate.dialect.Dialect" HHH000400: Using dialect: org.hibernate.dialect.PostgreSQL81Dialect
level="INFO" timestamp="2018-02-21 01:15:24,517Z" category="org.hibernate.engine.jdbc.env.internal.LobCreatorBuilderImpl" HHH000424: Disabling contextual LOB creation as createClob() method threw error : java.lang.reflect.InvocationTargetException
level="INFO" timestamp="2018-02-21 01:15:25,017Z" category="org.hibernate.type.BasicTypeRegistry" HHH000270: Type registration [java.util.Currency] overrides previous : org.hibernate.type.CurrencyType@582a764a
level="INFO" timestamp="2018-02-21 01:15:25,280Z" category="org.hibernate.hql.internal.QueryTranslatorFactoryInitiator" HHH000397: Using ASTQueryTranslatorFactory
level="INFO" timestamp="2018-02-21 01:15:25,459Z" category="org.flywaydb.core.internal.util.VersionPrinter" Flyway 4.0.3 by Boxfuse
level="INFO" timestamp="2018-02-21 01:15:25,551Z" category="org.flywaydb.core.internal.dbsupport.DbSupportFactory" Database: jdbc:postgresql://192.168.99.100:5432/circle (PostgreSQL 10.2)
level="INFO" timestamp="2018-02-21 01:15:25,654Z" category="org.flywaydb.core.internal.command.DbClean" Successfully cleaned schema "public" (execution time 00:00.030s)
level="INFO" timestamp="2018-02-21 01:15:25,704Z" category="org.flywaydb.core.internal.dbsupport.DbSupportFactory" Database: jdbc:postgresql://192.168.99.100:5432/circle (PostgreSQL 10.2)
level="INFO" timestamp="2018-02-21 01:15:25,747Z" category="org.flywaydb.core.internal.command.DbValidate" Successfully validated 1 migration (execution time 00:00.023s)
level="INFO" timestamp="2018-02-21 01:15:25,844Z" category="org.flywaydb.core.internal.metadatatable.MetaDataTableImpl" Creating Metadata table: "public"."schema_version"
level="INFO" timestamp="2018-02-21 01:15:25,935Z" category="org.flywaydb.core.internal.command.DbMigrate" Current version of schema "public": << Empty Schema >>
level="INFO" timestamp="2018-02-21 01:15:25,936Z" category="org.flywaydb.core.internal.command.DbMigrate" Migrating schema "public" to version 1 - Accounts
level="INFO" timestamp="2018-02-21 01:15:25,981Z" category="org.flywaydb.core.internal.dbsupport.JdbcTemplate" DB: table "accounts" does not exist, skipping
level="INFO" timestamp="2018-02-21 01:15:26,047Z" category="org.flywaydb.core.internal.command.DbMigrate" Successfully applied 1 migration to schema "public" (execution time 00:00.206s).
level="INFO" timestamp="2018-02-21 01:15:26,077Z" category="io.dropwizard.server.DefaultServerFactory" Registering jersey handler with root path prefix: /
level="INFO" timestamp="2018-02-21 01:15:26,077Z" category="io.dropwizard.server.DefaultServerFactory" Registering admin handler with root path prefix: /
level="INFO" timestamp="2018-02-21 01:15:26,077Z" category="io.dropwizard.server.ServerFactory" Starting ServiceApplication
level="INFO" timestamp="2018-02-21 01:15:26,259Z" category="org.eclipse.jetty.setuid.SetUIDListener" Opened application@7cfb4736{HTTP/1.1,[http/1.1]}{0.0.0.0:8080}
level="INFO" timestamp="2018-02-21 01:15:26,259Z" category="org.eclipse.jetty.setuid.SetUIDListener" Opened admin@2a097d77{HTTP/1.1,[http/1.1]}{0.0.0.0:8081}
level="INFO" timestamp="2018-02-21 01:15:26,261Z" category="org.eclipse.jetty.server.Server" jetty-9.3.9.v20160517
level="INFO" timestamp="2018-02-21 01:15:27,181Z" category="io.dropwizard.jersey.DropwizardResourceConfig" The following paths were found for the configured resources:

    GET     /api/accounts (com.interview.resource.AccountResource)
    GET     /api/accounts/{id} (com.interview.resource.AccountResource)
    POST    /api/balance/transfer (com.interview.resource.AccountResource)

level="INFO" timestamp="2018-02-21 01:15:27,184Z" category="org.eclipse.jetty.server.handler.ContextHandler" Started i.d.j.MutableServletContextHandler@43a4a9e5{/,null,AVAILABLE}
level="INFO" timestamp="2018-02-21 01:15:27,188Z" category="io.dropwizard.setup.AdminEnvironment" tasks = 

    POST    /tasks/log-level (io.dropwizard.servlets.tasks.LogConfigurationTask)
    POST    /tasks/gc (io.dropwizard.servlets.tasks.GarbageCollectionTask)

level="INFO" timestamp="2018-02-21 01:15:27,195Z" category="org.eclipse.jetty.server.handler.ContextHandler" Started i.d.j.MutableServletContextHandler@5600a5da{/,null,AVAILABLE}
level="INFO" timestamp="2018-02-21 01:15:27,222Z" category="org.eclipse.jetty.server.AbstractConnector" Started application@7cfb4736{HTTP/1.1,[http/1.1]}{0.0.0.0:8080}
level="INFO" timestamp="2018-02-21 01:15:27,227Z" category="org.eclipse.jetty.server.AbstractConnector" Started admin@2a097d77{HTTP/1.1,[http/1.1]}{0.0.0.0:8081}
level="INFO" timestamp="2018-02-21 01:15:27,227Z" category="org.eclipse.jetty.server.Server" Started @6875ms
level="INFO" timestamp="2018-02-21 01:15:27,577Z" category="org.flywaydb.core.internal.dbsupport.DbSupportFactory" Database: jdbc:postgresql://192.168.99.100:5432/circle (PostgreSQL 10.2)
level="INFO" timestamp="2018-02-21 01:15:27,627Z" category="org.flywaydb.core.internal.command.DbMigrate" Current version of schema "public": 1
level="INFO" timestamp="2018-02-21 01:15:27,636Z" category="org.flywaydb.core.internal.command.DbMigrate" Schema "public" is up to date. No migration necessary.
level="INFO" timestamp="2018-02-21 01:16:13,306Z" category="org.eclipse.jetty.util.log" Logging initialized @1530ms
level="INFO" timestamp="2018-02-21 01:16:13,391Z" category="io.dropwizard.server.DefaultServerFactory" Registering jersey handler with root path prefix: /
level="INFO" timestamp="2018-02-21 01:16:13,391Z" category="io.dropwizard.server.DefaultServerFactory" Registering admin handler with root path prefix: /
level="INFO" timestamp="2018-02-21 01:16:13,596Z" category="org.hibernate.Version" HHH000412: Hibernate Core {5.1.0.Final}
level="INFO" timestamp="2018-02-21 01:16:13,597Z" category="org.hibernate.cfg.Environment" HHH000206: hibernate.properties not found
level="INFO" timestamp="2018-02-21 01:16:13,598Z" category="org.hibernate.cfg.Environment" HHH000021: Bytecode provider name : javassist
level="INFO" timestamp="2018-02-21 01:16:13,608Z" category="io.dropwizard.hibernate.SessionFactoryFactory" Entity classes: [com.interview.entity.Account]
level="INFO" timestamp="2018-02-21 01:16:13,642Z" category="org.hibernate.annotations.common.Version" HCANN000001: Hibernate Commons Annotations {5.0.1.Final}
level="INFO" timestamp="2018-02-21 01:16:13,925Z" category="org.hibernate.dialect.Dialect" HHH000400: Using dialect: org.hibernate.dialect.PostgreSQL81Dialect
level="INFO" timestamp="2018-02-21 01:16:14,230Z" category="org.hibernate.engine.jdbc.env.internal.LobCreatorBuilderImpl" HHH000424: Disabling contextual LOB creation as createClob() method threw error : java.lang.reflect.InvocationTargetException
level="INFO" timestamp="2018-02-21 01:16:14,612Z" category="org.hibernate.type.BasicTypeRegistry" HHH000270: Type registration [java.util.Currency] overrides previous : org.hibernate.type.CurrencyType@25d2f66
level="INFO" timestamp="2018-02-21 01:16:14,756Z" category="org.hibernate.hql.internal.QueryTranslatorFactoryInitiator" HHH000397: Using ASTQueryTranslatorFactory
level="INFO" timestamp="2018-02-21 01:16:14,892Z" category="org.flywaydb.core.internal.util.VersionPrinter" Flyway 4.0.3 by Boxfuse
level="INFO" timestamp="2018-02-21 01:16:14,961Z" category="org.flywaydb.core.internal.dbsupport.DbSupportFactory" Database: jdbc:postgresql://192.168.99.100:5432/circle (PostgreSQL 10.2)
level="INFO" timestamp="2018-02-21 01:16:15,047Z" category="org.flywaydb.core.internal.command.DbClean" Successfully cleaned schema "public" (execution time 00:00.026s)
level="INFO" timestamp="2018-02-21 01:16:15,105Z" category="org.flywaydb.core.internal.dbsupport.DbSupportFactory" Database: jdbc:postgresql://192.168.99.100:5432/circle (PostgreSQL 10.2)
level="INFO" timestamp="2018-02-21 01:16:15,147Z" category="org.flywaydb.core.internal.command.DbValidate" Successfully validated 1 migration (execution time 00:00.021s)
level="INFO" timestamp="2018-02-21 01:16:15,180Z" category="org.flywaydb.core.internal.metadatatable.MetaDataTableImpl" Creating Metadata table: "public"."schema_version"
level="INFO" timestamp="2018-02-21 01:16:15,230Z" category="org.flywaydb.core.internal.command.DbMigrate" Current version of schema "public": << Empty Schema >>
level="INFO" timestamp="2018-02-21 01:16:15,230Z" category="org.flywaydb.core.internal.command.DbMigrate" Migrating schema "public" to version 1 - Accounts
level="INFO" timestamp="2018-02-21 01:16:15,283Z" category="org.flywaydb.core.internal.command.DbMigrate" Successfully applied 1 migration to schema "public" (execution time 00:00.105s).
level="INFO" timestamp="2018-02-21 01:16:15,304Z" category="io.dropwizard.server.DefaultServerFactory" Registering jersey handler with root path prefix: /
level="INFO" timestamp="2018-02-21 01:16:15,304Z" category="io.dropwizard.server.DefaultServerFactory" Registering admin handler with root path prefix: /
level="INFO" timestamp="2018-02-21 01:16:15,307Z" category="io.dropwizard.server.ServerFactory" Starting ServiceApplication
level="INFO" timestamp="2018-02-21 01:16:15,429Z" category="org.eclipse.jetty.setuid.SetUIDListener" Opened application@ae73c80{HTTP/1.1,[http/1.1]}{0.0.0.0:8080}
level="INFO" timestamp="2018-02-21 01:16:15,429Z" category="org.eclipse.jetty.setuid.SetUIDListener" Opened admin@22f4f8f2{HTTP/1.1,[http/1.1]}{0.0.0.0:8081}
level="INFO" timestamp="2018-02-21 01:16:15,432Z" category="org.eclipse.jetty.server.Server" jetty-9.3.9.v20160517
level="INFO" timestamp="2018-02-21 01:16:16,112Z" category="io.dropwizard.jersey.DropwizardResourceConfig" The following paths were found for the configured resources:

    GET     /api/accounts (com.interview.resource.AccountResource)
    GET     /api/accounts/{id} (com.interview.resource.AccountResource)
    POST    /api/balance/transfer (com.interview.resource.AccountResource)

level="INFO" timestamp="2018-02-21 01:16:16,115Z" category="org.eclipse.jetty.server.handler.ContextHandler" Started i.d.j.MutableServletContextHandler@74c9e11{/,null,AVAILABLE}
level="INFO" timestamp="2018-02-21 01:16:16,124Z" category="io.dropwizard.setup.AdminEnvironment" tasks = 

    POST    /tasks/log-level (io.dropwizard.servlets.tasks.LogConfigurationTask)
    POST    /tasks/gc (io.dropwizard.servlets.tasks.GarbageCollectionTask)

level="INFO" timestamp="2018-02-21 01:16:16,129Z" category="org.eclipse.jetty.server.handler.ContextHandler" Started i.d.j.MutableServletContextHandler@486e9d1d{/,null,AVAILABLE}
level="INFO" timestamp="2018-02-21 01:16:16,147Z" category="org.eclipse.jetty.server.AbstractConnector" Started application@ae73c80{HTTP/1.1,[http/1.1]}{0.0.0.0:8080}
level="INFO" timestamp="2018-02-21 01:16:16,151Z" category="org.eclipse.jetty.server.AbstractConnector" Started admin@22f4f8f2{HTTP/1.1,[http/1.1]}{0.0.0.0:8081}
level="INFO" timestamp="2018-02-21 01:16:16,152Z" category="org.eclipse.jetty.server.Server" Started @4377ms
level="INFO" timestamp="2018-02-21 01:16:35,513Z" category="com.interview.resource.AccountResource" Request: /accounts :: Getting all accounts
level="INFO" timestamp="2018-02-21 01:16:35,644Z" category="org.hibernate.engine.internal.StatisticalLoggingSessionEventListener" Session Metrics {
    1060624 nanoseconds spent acquiring 1 JDBC connections;
    0 nanoseconds spent releasing 0 JDBC connections;
    183504 nanoseconds spent preparing 1 JDBC statements;
    1472187 nanoseconds spent executing 1 JDBC statements;
    0 nanoseconds spent executing 0 JDBC batches;
    0 nanoseconds spent performing 0 L2C puts;
    0 nanoseconds spent performing 0 L2C hits;
    0 nanoseconds spent performing 0 L2C misses;
    5357869 nanoseconds spent executing 1 flushes (flushing a total of 4 entities and 0 collections);
    61923 nanoseconds spent executing 1 partial-flushes (flushing a total of 0 entities and 0 collections)
}
level="INFO" timestamp="2018-02-21 01:16:58,662Z" category="com.interview.resource.AccountResource" Request: /balance/transfer :: TransferRequest{senderAccountId='A', receiverAccountId='B', balanceToTransfer='30.0'}
level="INFO" timestamp="2018-02-21 01:16:58,707Z" category="org.hibernate.engine.internal.StatisticalLoggingSessionEventListener" Session Metrics {
    1136140 nanoseconds spent acquiring 1 JDBC connections;
    0 nanoseconds spent releasing 0 JDBC connections;
    493499 nanoseconds spent preparing 6 JDBC statements;
    7641097 nanoseconds spent executing 6 JDBC statements;
    0 nanoseconds spent executing 0 JDBC batches;
    0 nanoseconds spent performing 0 L2C puts;
    0 nanoseconds spent performing 0 L2C hits;
    0 nanoseconds spent performing 0 L2C misses;
    17615269 nanoseconds spent executing 1 flushes (flushing a total of 2 entities and 0 collections);
    379847 nanoseconds spent executing 4 partial-flushes (flushing a total of 4 entities and 4 collections)
}
level="INFO" timestamp="2018-02-21 01:17:09,164Z" category="com.interview.resource.AccountResource" Request: /balance/transfer :: TransferRequest{senderAccountId='A', receiverAccountId='B', balanceToTransfer='30.0'}
level="INFO" timestamp="2018-02-21 01:17:09,195Z" category="org.hibernate.engine.internal.StatisticalLoggingSessionEventListener" Session Metrics {
    1096116 nanoseconds spent acquiring 1 JDBC connections;
    0 nanoseconds spent releasing 0 JDBC connections;
    441391 nanoseconds spent preparing 6 JDBC statements;
    5013891 nanoseconds spent executing 6 JDBC statements;
    0 nanoseconds spent executing 0 JDBC batches;
    0 nanoseconds spent performing 0 L2C puts;
    0 nanoseconds spent performing 0 L2C hits;
    0 nanoseconds spent performing 0 L2C misses;
    7257855 nanoseconds spent executing 1 flushes (flushing a total of 2 entities and 0 collections);
    523704 nanoseconds spent executing 4 partial-flushes (flushing a total of 4 entities and 4 collections)
}
level="INFO" timestamp="2018-02-21 01:17:11,767Z" category="com.interview.resource.AccountResource" Request: /balance/transfer :: TransferRequest{senderAccountId='A', receiverAccountId='B', balanceToTransfer='30.0'}
level="INFO" timestamp="2018-02-21 01:17:11,782Z" category="org.hibernate.engine.internal.StatisticalLoggingSessionEventListener" Session Metrics {
    1522405 nanoseconds spent acquiring 1 JDBC connections;
    0 nanoseconds spent releasing 0 JDBC connections;
    342843 nanoseconds spent preparing 6 JDBC statements;
    4532477 nanoseconds spent executing 6 JDBC statements;
    0 nanoseconds spent executing 0 JDBC batches;
    0 nanoseconds spent performing 0 L2C puts;
    0 nanoseconds spent performing 0 L2C hits;
    0 nanoseconds spent performing 0 L2C misses;
    2755961 nanoseconds spent executing 1 flushes (flushing a total of 2 entities and 0 collections);
    437994 nanoseconds spent executing 4 partial-flushes (flushing a total of 4 entities and 4 collections)
}
level="INFO" timestamp="2018-02-21 01:17:13,658Z" category="com.interview.resource.AccountResource" Request: /balance/transfer :: TransferRequest{senderAccountId='A', receiverAccountId='B', balanceToTransfer='30.0'}
level="ERROR" timestamp="2018-02-21 01:17:13,665Z" category="com.interview.dao.AccountDAO" Not enough balance in sender`s account
level="ERROR" timestamp="2018-02-21 01:17:13,665Z" category="com.interview.dao.AccountDAO" Catching Exception: Not enough balance in sender`s account
level="INFO" timestamp="2018-02-21 01:17:13,665Z" category="com.interview.dao.AccountDAO" Caught exception. Initiating transaction rollback.
level="INFO" timestamp="2018-02-21 01:17:13,667Z" category="org.hibernate.engine.internal.StatisticalLoggingSessionEventListener" Session Metrics {
    829544 nanoseconds spent acquiring 1 JDBC connections;
    0 nanoseconds spent releasing 0 JDBC connections;
    195209 nanoseconds spent preparing 4 JDBC statements;
    2398015 nanoseconds spent executing 4 JDBC statements;
    0 nanoseconds spent executing 0 JDBC batches;
    0 nanoseconds spent performing 0 L2C puts;
    0 nanoseconds spent performing 0 L2C hits;
    0 nanoseconds spent performing 0 L2C misses;
    0 nanoseconds spent executing 0 flushes (flushing a total of 0 entities and 0 collections);
    316413 nanoseconds spent executing 4 partial-flushes (flushing a total of 4 entities and 4 collections)
}
level="INFO" timestamp="2018-02-21 01:17:29,415Z" category="com.interview.resource.AccountResource" Request: /balance/transfer :: TransferRequest{senderAccountId='A', receiverAccountId='E', balanceToTransfer='30.0'}
level="ERROR" timestamp="2018-02-21 01:17:29,425Z" category="com.interview.dao.AccountDAO" Sender or receiver does not exist
level="ERROR" timestamp="2018-02-21 01:17:29,425Z" category="com.interview.dao.AccountDAO" Catching Exception: Sender or receiver does not exist
level="INFO" timestamp="2018-02-21 01:17:29,425Z" category="com.interview.dao.AccountDAO" Caught exception. Initiating transaction rollback.
level="INFO" timestamp="2018-02-21 01:17:29,427Z" category="org.hibernate.engine.internal.StatisticalLoggingSessionEventListener" Session Metrics {
    658501 nanoseconds spent acquiring 1 JDBC connections;
    0 nanoseconds spent releasing 0 JDBC connections;
    180861 nanoseconds spent preparing 3 JDBC statements;
    2541496 nanoseconds spent executing 3 JDBC statements;
    0 nanoseconds spent executing 0 JDBC batches;
    0 nanoseconds spent performing 0 L2C puts;
    0 nanoseconds spent performing 0 L2C hits;
    0 nanoseconds spent performing 0 L2C misses;
    0 nanoseconds spent executing 0 flushes (flushing a total of 0 entities and 0 collections);
    323963 nanoseconds spent executing 3 partial-flushes (flushing a total of 2 entities and 2 collections)
}
level="INFO" timestamp="2018-02-21 01:17:41,760Z" category="com.interview.resource.AccountResource" Request: /balance/transfer :: TransferRequest{senderAccountId='A', receiverAccountId='A', balanceToTransfer='30.0'}
level="ERROR" timestamp="2018-02-21 01:17:41,768Z" category="com.interview.dao.AccountDAO" Not enough balance in sender`s account
level="ERROR" timestamp="2018-02-21 01:17:41,768Z" category="com.interview.dao.AccountDAO" Catching Exception: Not enough balance in sender`s account
level="INFO" timestamp="2018-02-21 01:17:41,768Z" category="com.interview.dao.AccountDAO" Caught exception. Initiating transaction rollback.
level="INFO" timestamp="2018-02-21 01:17:41,770Z" category="org.hibernate.engine.internal.StatisticalLoggingSessionEventListener" Session Metrics {
    646796 nanoseconds spent acquiring 1 JDBC connections;
    0 nanoseconds spent releasing 0 JDBC connections;
    229192 nanoseconds spent preparing 4 JDBC statements;
    2563396 nanoseconds spent executing 4 JDBC statements;
    0 nanoseconds spent executing 0 JDBC batches;
    0 nanoseconds spent performing 0 L2C puts;
    0 nanoseconds spent performing 0 L2C hits;
    0 nanoseconds spent performing 0 L2C misses;
    0 nanoseconds spent executing 0 flushes (flushing a total of 0 entities and 0 collections);
    396459 nanoseconds spent executing 4 partial-flushes (flushing a total of 3 entities and 3 collections)
}
level="INFO" timestamp="2018-02-21 01:18:02,701Z" category="com.interview.resource.AccountResource" Request: /accounts :: Getting all accounts
level="INFO" timestamp="2018-02-21 01:18:02,708Z" category="org.hibernate.engine.internal.StatisticalLoggingSessionEventListener" Session Metrics {
    1193532 nanoseconds spent acquiring 1 JDBC connections;
    0 nanoseconds spent releasing 0 JDBC connections;
    51351 nanoseconds spent preparing 1 JDBC statements;
    792542 nanoseconds spent executing 1 JDBC statements;
    0 nanoseconds spent executing 0 JDBC batches;
    0 nanoseconds spent performing 0 L2C puts;
    0 nanoseconds spent performing 0 L2C hits;
    0 nanoseconds spent performing 0 L2C misses;
    355303 nanoseconds spent executing 1 flushes (flushing a total of 4 entities and 0 collections);
    15481 nanoseconds spent executing 1 partial-flushes (flushing a total of 0 entities and 0 collections)
}
level="INFO" timestamp="2018-02-21 01:18:26,821Z" category="com.interview.resource.AccountResource" Request: /balance/transfer :: TransferRequest{senderAccountId='A', receiverAccountId='A', balanceToTransfer='10.0'}
level="ERROR" timestamp="2018-02-21 01:18:26,828Z" category="com.interview.dao.AccountDAO" Not enough balance in sender`s account
level="ERROR" timestamp="2018-02-21 01:18:26,828Z" category="com.interview.dao.AccountDAO" Catching Exception: Not enough balance in sender`s account
level="INFO" timestamp="2018-02-21 01:18:26,828Z" category="com.interview.dao.AccountDAO" Caught exception. Initiating transaction rollback.
level="INFO" timestamp="2018-02-21 01:18:26,829Z" category="org.hibernate.engine.internal.StatisticalLoggingSessionEventListener" Session Metrics {
    770265 nanoseconds spent acquiring 1 JDBC connections;
    0 nanoseconds spent releasing 0 JDBC connections;
    192944 nanoseconds spent preparing 4 JDBC statements;
    2450499 nanoseconds spent executing 4 JDBC statements;
    0 nanoseconds spent executing 0 JDBC batches;
    0 nanoseconds spent performing 0 L2C puts;
    0 nanoseconds spent performing 0 L2C hits;
    0 nanoseconds spent performing 0 L2C misses;
    0 nanoseconds spent executing 0 flushes (flushing a total of 0 entities and 0 collections);
    335670 nanoseconds spent executing 4 partial-flushes (flushing a total of 3 entities and 3 collections)
}
level="INFO" timestamp="2018-02-21 01:24:10,175Z" category="org.eclipse.jetty.server.AbstractConnector" Stopped application@ae73c80{HTTP/1.1,[http/1.1]}{0.0.0.0:8080}
level="INFO" timestamp="2018-02-21 01:24:10,179Z" category="org.eclipse.jetty.server.AbstractConnector" Stopped admin@22f4f8f2{HTTP/1.1,[http/1.1]}{0.0.0.0:8081}
level="INFO" timestamp="2018-02-21 01:24:10,181Z" category="org.eclipse.jetty.server.handler.ContextHandler" Stopped i.d.j.MutableServletContextHandler@486e9d1d{/,null,UNAVAILABLE}
level="INFO" timestamp="2018-02-21 01:24:10,186Z" category="org.eclipse.jetty.server.handler.ContextHandler" Stopped i.d.j.MutableServletContextHandler@74c9e11{/,null,UNAVAILABLE}
level="INFO" timestamp="2018-02-21 01:25:04,118Z" category="org.eclipse.jetty.util.log" Logging initialized @2564ms
level="INFO" timestamp="2018-02-21 01:25:04,274Z" category="io.dropwizard.server.DefaultServerFactory" Registering jersey handler with root path prefix: /
level="INFO" timestamp="2018-02-21 01:25:04,274Z" category="io.dropwizard.server.DefaultServerFactory" Registering admin handler with root path prefix: /
level="INFO" timestamp="2018-02-21 01:25:04,561Z" category="org.hibernate.Version" HHH000412: Hibernate Core {5.1.0.Final}
level="INFO" timestamp="2018-02-21 01:25:04,563Z" category="org.hibernate.cfg.Environment" HHH000206: hibernate.properties not found
level="INFO" timestamp="2018-02-21 01:25:04,565Z" category="org.hibernate.cfg.Environment" HHH000021: Bytecode provider name : javassist
level="INFO" timestamp="2018-02-21 01:25:04,581Z" category="io.dropwizard.hibernate.SessionFactoryFactory" Entity classes: [com.interview.entity.Account]
level="INFO" timestamp="2018-02-21 01:25:04,635Z" category="org.hibernate.annotations.common.Version" HCANN000001: Hibernate Commons Annotations {5.0.1.Final}
level="INFO" timestamp="2018-02-21 01:25:05,016Z" category="org.hibernate.dialect.Dialect" HHH000400: Using dialect: org.hibernate.dialect.PostgreSQL81Dialect
level="INFO" timestamp="2018-02-21 01:25:05,296Z" category="org.hibernate.engine.jdbc.env.internal.LobCreatorBuilderImpl" HHH000424: Disabling contextual LOB creation as createClob() method threw error : java.lang.reflect.InvocationTargetException
level="INFO" timestamp="2018-02-21 01:25:05,886Z" category="org.hibernate.type.BasicTypeRegistry" HHH000270: Type registration [java.util.Currency] overrides previous : org.hibernate.type.CurrencyType@582a764a
level="INFO" timestamp="2018-02-21 01:25:06,150Z" category="org.hibernate.hql.internal.QueryTranslatorFactoryInitiator" HHH000397: Using ASTQueryTranslatorFactory
level="INFO" timestamp="2018-02-21 01:25:06,377Z" category="org.flywaydb.core.internal.util.VersionPrinter" Flyway 4.0.3 by Boxfuse
level="INFO" timestamp="2018-02-21 01:25:06,446Z" category="org.flywaydb.core.internal.dbsupport.DbSupportFactory" Database: jdbc:postgresql://192.168.99.100:5432/circle (PostgreSQL 10.2)
level="INFO" timestamp="2018-02-21 01:25:06,543Z" category="org.flywaydb.core.internal.command.DbClean" Successfully cleaned schema "public" (execution time 00:00.036s)
level="INFO" timestamp="2018-02-21 01:25:06,612Z" category="org.flywaydb.core.internal.dbsupport.DbSupportFactory" Database: jdbc:postgresql://192.168.99.100:5432/circle (PostgreSQL 10.2)
level="INFO" timestamp="2018-02-21 01:25:06,684Z" category="org.flywaydb.core.internal.command.DbValidate" Successfully validated 1 migration (execution time 00:00.033s)
level="INFO" timestamp="2018-02-21 01:25:06,716Z" category="org.flywaydb.core.internal.metadatatable.MetaDataTableImpl" Creating Metadata table: "public"."schema_version"
level="INFO" timestamp="2018-02-21 01:25:06,766Z" category="org.flywaydb.core.internal.command.DbMigrate" Current version of schema "public": << Empty Schema >>
level="INFO" timestamp="2018-02-21 01:25:06,766Z" category="org.flywaydb.core.internal.command.DbMigrate" Migrating schema "public" to version 1 - Accounts
level="INFO" timestamp="2018-02-21 01:25:06,780Z" category="org.flywaydb.core.internal.dbsupport.JdbcTemplate" DB: table "accounts" does not exist, skipping
level="INFO" timestamp="2018-02-21 01:25:06,817Z" category="org.flywaydb.core.internal.command.DbMigrate" Successfully applied 1 migration to schema "public" (execution time 00:00.105s).
level="INFO" timestamp="2018-02-21 01:25:06,859Z" category="io.dropwizard.server.DefaultServerFactory" Registering jersey handler with root path prefix: /
level="INFO" timestamp="2018-02-21 01:25:06,859Z" category="io.dropwizard.server.DefaultServerFactory" Registering admin handler with root path prefix: /
level="INFO" timestamp="2018-02-21 01:25:06,860Z" category="io.dropwizard.server.ServerFactory" Starting ServiceApplication
level="INFO" timestamp="2018-02-21 01:25:07,042Z" category="org.eclipse.jetty.setuid.SetUIDListener" Opened application@7cfb4736{HTTP/1.1,[http/1.1]}{0.0.0.0:8080}
level="INFO" timestamp="2018-02-21 01:25:07,043Z" category="org.eclipse.jetty.setuid.SetUIDListener" Opened admin@2a097d77{HTTP/1.1,[http/1.1]}{0.0.0.0:8081}
level="INFO" timestamp="2018-02-21 01:25:07,046Z" category="org.eclipse.jetty.server.Server" jetty-9.3.9.v20160517
level="INFO" timestamp="2018-02-21 01:25:08,013Z" category="io.dropwizard.jersey.DropwizardResourceConfig" The following paths were found for the configured resources:

    GET     /api/accounts (com.interview.resource.AccountResource)
    GET     /api/accounts/{id} (com.interview.resource.AccountResource)
    POST    /api/balance/transfer (com.interview.resource.AccountResource)

level="INFO" timestamp="2018-02-21 01:25:08,017Z" category="org.eclipse.jetty.server.handler.ContextHandler" Started i.d.j.MutableServletContextHandler@764fffa0{/,null,AVAILABLE}
level="INFO" timestamp="2018-02-21 01:25:08,022Z" category="io.dropwizard.setup.AdminEnvironment" tasks = 

    POST    /tasks/log-level (io.dropwizard.servlets.tasks.LogConfigurationTask)
    POST    /tasks/gc (io.dropwizard.servlets.tasks.GarbageCollectionTask)

level="INFO" timestamp="2018-02-21 01:25:08,030Z" category="org.eclipse.jetty.server.handler.ContextHandler" Started i.d.j.MutableServletContextHandler@551be9f6{/,null,AVAILABLE}
level="INFO" timestamp="2018-02-21 01:25:08,055Z" category="org.eclipse.jetty.server.AbstractConnector" Started application@7cfb4736{HTTP/1.1,[http/1.1]}{0.0.0.0:8080}
level="INFO" timestamp="2018-02-21 01:25:08,060Z" category="org.eclipse.jetty.server.AbstractConnector" Started admin@2a097d77{HTTP/1.1,[http/1.1]}{0.0.0.0:8081}
level="INFO" timestamp="2018-02-21 01:25:08,060Z" category="org.eclipse.jetty.server.Server" Started @6507ms
level="INFO" timestamp="2018-02-21 01:25:08,425Z" category="org.flywaydb.core.internal.dbsupport.DbSupportFactory" Database: jdbc:postgresql://192.168.99.100:5432/circle (PostgreSQL 10.2)
level="INFO" timestamp="2018-02-21 01:25:08,470Z" category="org.flywaydb.core.internal.command.DbMigrate" Current version of schema "public": 1
level="INFO" timestamp="2018-02-21 01:25:08,471Z" category="org.flywaydb.core.internal.command.DbMigrate" Schema "public" is up to date. No migration necessary.
level="INFO" timestamp="2018-02-21 01:25:50,354Z" category="org.eclipse.jetty.util.log" Logging initialized @1778ms
level="INFO" timestamp="2018-02-21 01:25:50,473Z" category="io.dropwizard.server.DefaultServerFactory" Registering jersey handler with root path prefix: /
level="INFO" timestamp="2018-02-21 01:25:50,474Z" category="io.dropwizard.server.DefaultServerFactory" Registering admin handler with root path prefix: /
level="INFO" timestamp="2018-02-21 01:25:50,723Z" category="org.hibernate.Version" HHH000412: Hibernate Core {5.1.0.Final}
level="INFO" timestamp="2018-02-21 01:25:50,724Z" category="org.hibernate.cfg.Environment" HHH000206: hibernate.properties not found
level="INFO" timestamp="2018-02-21 01:25:50,726Z" category="org.hibernate.cfg.Environment" HHH000021: Bytecode provider name : javassist
level="INFO" timestamp="2018-02-21 01:25:50,735Z" category="io.dropwizard.hibernate.SessionFactoryFactory" Entity classes: [com.interview.entity.Account]
level="INFO" timestamp="2018-02-21 01:25:50,848Z" category="org.hibernate.annotations.common.Version" HCANN000001: Hibernate Commons Annotations {5.0.1.Final}
level="INFO" timestamp="2018-02-21 01:25:51,162Z" category="org.hibernate.dialect.Dialect" HHH000400: Using dialect: org.hibernate.dialect.PostgreSQL81Dialect
level="INFO" timestamp="2018-02-21 01:25:51,366Z" category="org.hibernate.engine.jdbc.env.internal.LobCreatorBuilderImpl" HHH000424: Disabling contextual LOB creation as createClob() method threw error : java.lang.reflect.InvocationTargetException
level="INFO" timestamp="2018-02-21 01:25:52,126Z" category="org.hibernate.type.BasicTypeRegistry" HHH000270: Type registration [java.util.Currency] overrides previous : org.hibernate.type.CurrencyType@25d2f66
level="INFO" timestamp="2018-02-21 01:25:52,375Z" category="org.hibernate.hql.internal.QueryTranslatorFactoryInitiator" HHH000397: Using ASTQueryTranslatorFactory
level="INFO" timestamp="2018-02-21 01:25:52,543Z" category="org.flywaydb.core.internal.util.VersionPrinter" Flyway 4.0.3 by Boxfuse
level="INFO" timestamp="2018-02-21 01:25:52,600Z" category="org.flywaydb.core.internal.dbsupport.DbSupportFactory" Database: jdbc:postgresql://192.168.99.100:5432/circle (PostgreSQL 10.2)
level="INFO" timestamp="2018-02-21 01:25:52,690Z" category="org.flywaydb.core.internal.command.DbClean" Successfully cleaned schema "public" (execution time 00:00.043s)
level="INFO" timestamp="2018-02-21 01:25:52,762Z" category="org.flywaydb.core.internal.dbsupport.DbSupportFactory" Database: jdbc:postgresql://192.168.99.100:5432/circle (PostgreSQL 10.2)
level="INFO" timestamp="2018-02-21 01:25:52,809Z" category="org.flywaydb.core.internal.command.DbValidate" Successfully validated 1 migration (execution time 00:00.024s)
level="INFO" timestamp="2018-02-21 01:25:52,839Z" category="org.flywaydb.core.internal.metadatatable.MetaDataTableImpl" Creating Metadata table: "public"."schema_version"
level="INFO" timestamp="2018-02-21 01:25:52,882Z" category="org.flywaydb.core.internal.command.DbMigrate" Current version of schema "public": << Empty Schema >>
level="INFO" timestamp="2018-02-21 01:25:52,883Z" category="org.flywaydb.core.internal.command.DbMigrate" Migrating schema "public" to version 1 - Accounts
level="INFO" timestamp="2018-02-21 01:25:52,922Z" category="org.flywaydb.core.internal.command.DbMigrate" Successfully applied 1 migration to schema "public" (execution time 00:00.086s).
level="INFO" timestamp="2018-02-21 01:25:52,947Z" category="io.dropwizard.server.DefaultServerFactory" Registering jersey handler with root path prefix: /
level="INFO" timestamp="2018-02-21 01:25:52,947Z" category="io.dropwizard.server.DefaultServerFactory" Registering admin handler with root path prefix: /
level="INFO" timestamp="2018-02-21 01:25:52,949Z" category="io.dropwizard.server.ServerFactory" Starting ServiceApplication
level="INFO" timestamp="2018-02-21 01:25:53,107Z" category="org.eclipse.jetty.setuid.SetUIDListener" Opened application@ae73c80{HTTP/1.1,[http/1.1]}{0.0.0.0:8080}
level="INFO" timestamp="2018-02-21 01:25:53,107Z" category="org.eclipse.jetty.setuid.SetUIDListener" Opened admin@22f4f8f2{HTTP/1.1,[http/1.1]}{0.0.0.0:8081}
level="INFO" timestamp="2018-02-21 01:25:53,110Z" category="org.eclipse.jetty.server.Server" jetty-9.3.9.v20160517
level="INFO" timestamp="2018-02-21 01:25:53,989Z" category="io.dropwizard.jersey.DropwizardResourceConfig" The following paths were found for the configured resources:

    GET     /api/accounts (com.interview.resource.AccountResource)
    GET     /api/accounts/{id} (com.interview.resource.AccountResource)
    POST    /api/balance/transfer (com.interview.resource.AccountResource)

level="INFO" timestamp="2018-02-21 01:25:53,993Z" category="org.eclipse.jetty.server.handler.ContextHandler" Started i.d.j.MutableServletContextHandler@74c9e11{/,null,AVAILABLE}
level="INFO" timestamp="2018-02-21 01:25:53,999Z" category="io.dropwizard.setup.AdminEnvironment" tasks = 

    POST    /tasks/log-level (io.dropwizard.servlets.tasks.LogConfigurationTask)
    POST    /tasks/gc (io.dropwizard.servlets.tasks.GarbageCollectionTask)

level="INFO" timestamp="2018-02-21 01:25:54,004Z" category="org.eclipse.jetty.server.handler.ContextHandler" Started i.d.j.MutableServletContextHandler@486e9d1d{/,null,AVAILABLE}
level="INFO" timestamp="2018-02-21 01:25:54,020Z" category="org.eclipse.jetty.server.AbstractConnector" Started application@ae73c80{HTTP/1.1,[http/1.1]}{0.0.0.0:8080}
level="INFO" timestamp="2018-02-21 01:25:54,024Z" category="org.eclipse.jetty.server.AbstractConnector" Started admin@22f4f8f2{HTTP/1.1,[http/1.1]}{0.0.0.0:8081}
level="INFO" timestamp="2018-02-21 01:25:54,025Z" category="org.eclipse.jetty.server.Server" Started @5450ms
level="INFO" timestamp="2018-02-21 01:25:59,091Z" category="com.interview.resource.AccountResource" Request: /accounts :: Getting all accounts
level="INFO" timestamp="2018-02-21 01:25:59,205Z" category="org.hibernate.engine.internal.StatisticalLoggingSessionEventListener" Session Metrics {
    1659089 nanoseconds spent acquiring 1 JDBC connections;
    0 nanoseconds spent releasing 0 JDBC connections;
    150655 nanoseconds spent preparing 1 JDBC statements;
    3170544 nanoseconds spent executing 1 JDBC statements;
    0 nanoseconds spent executing 0 JDBC batches;
    0 nanoseconds spent performing 0 L2C puts;
    0 nanoseconds spent performing 0 L2C hits;
    0 nanoseconds spent performing 0 L2C misses;
    9513899 nanoseconds spent executing 1 flushes (flushing a total of 4 entities and 0 collections);
    57393 nanoseconds spent executing 1 partial-flushes (flushing a total of 0 entities and 0 collections)
}
level="INFO" timestamp="2018-02-21 01:26:05,062Z" category="com.interview.resource.AccountResource" Request: /balance/transfer :: TransferRequest{senderAccountId='A', receiverAccountId='A', balanceToTransfer='10.0'}
level="INFO" timestamp="2018-02-21 01:26:05,066Z" category="org.hibernate.engine.internal.StatisticalLoggingSessionEventListener" Session Metrics {
    0 nanoseconds spent acquiring 0 JDBC connections;
    0 nanoseconds spent releasing 0 JDBC connections;
    0 nanoseconds spent preparing 0 JDBC statements;
    0 nanoseconds spent executing 0 JDBC statements;
    0 nanoseconds spent executing 0 JDBC batches;
    0 nanoseconds spent performing 0 L2C puts;
    0 nanoseconds spent performing 0 L2C hits;
    0 nanoseconds spent performing 0 L2C misses;
    0 nanoseconds spent executing 0 flushes (flushing a total of 0 entities and 0 collections);
    0 nanoseconds spent executing 0 partial-flushes (flushing a total of 0 entities and 0 collections)
}
level="INFO" timestamp="2018-02-21 01:26:12,905Z" category="com.interview.resource.AccountResource" Request: /balance/transfer :: TransferRequest{senderAccountId='A', receiverAccountId='A', balanceToTransfer='100.0'}
level="INFO" timestamp="2018-02-21 01:26:12,906Z" category="org.hibernate.engine.internal.StatisticalLoggingSessionEventListener" Session Metrics {
    0 nanoseconds spent acquiring 0 JDBC connections;
    0 nanoseconds spent releasing 0 JDBC connections;
    0 nanoseconds spent preparing 0 JDBC statements;
    0 nanoseconds spent executing 0 JDBC statements;
    0 nanoseconds spent executing 0 JDBC batches;
    0 nanoseconds spent performing 0 L2C puts;
    0 nanoseconds spent performing 0 L2C hits;
    0 nanoseconds spent performing 0 L2C misses;
    0 nanoseconds spent executing 0 flushes (flushing a total of 0 entities and 0 collections);
    0 nanoseconds spent executing 0 partial-flushes (flushing a total of 0 entities and 0 collections)
}
level="INFO" timestamp="2018-02-21 01:26:42,833Z" category="com.interview.resource.AccountResource" Request: /accounts :: Getting all accounts
level="INFO" timestamp="2018-02-21 01:26:42,841Z" category="org.hibernate.engine.internal.StatisticalLoggingSessionEventListener" Session Metrics {
    1622086 nanoseconds spent acquiring 1 JDBC connections;
    0 nanoseconds spent releasing 0 JDBC connections;
    67587 nanoseconds spent preparing 1 JDBC statements;
    968872 nanoseconds spent executing 1 JDBC statements;
    0 nanoseconds spent executing 0 JDBC batches;
    0 nanoseconds spent performing 0 L2C puts;
    0 nanoseconds spent performing 0 L2C hits;
    0 nanoseconds spent performing 0 L2C misses;
    192944 nanoseconds spent executing 1 flushes (flushing a total of 4 entities and 0 collections);
    7174 nanoseconds spent executing 1 partial-flushes (flushing a total of 0 entities and 0 collections)
}
level="INFO" timestamp="2018-02-21 01:26:53,589Z" category="com.interview.resource.AccountResource" Request: /accounts :: Getting all accounts
level="INFO" timestamp="2018-02-21 01:26:53,601Z" category="org.hibernate.engine.internal.StatisticalLoggingSessionEventListener" Session Metrics {
    2337602 nanoseconds spent acquiring 1 JDBC connections;
    0 nanoseconds spent releasing 0 JDBC connections;
    93640 nanoseconds spent preparing 1 JDBC statements;
    3144491 nanoseconds spent executing 1 JDBC statements;
    0 nanoseconds spent executing 0 JDBC batches;
    0 nanoseconds spent performing 0 L2C puts;
    0 nanoseconds spent performing 0 L2C hits;
    0 nanoseconds spent performing 0 L2C misses;
    380978 nanoseconds spent executing 1 flushes (flushing a total of 4 entities and 0 collections);
    7551 nanoseconds spent executing 1 partial-flushes (flushing a total of 0 entities and 0 collections)
}
level="INFO" timestamp="2018-02-21 01:26:57,163Z" category="com.interview.resource.AccountResource" Request: /accounts :: Getting all accounts
level="INFO" timestamp="2018-02-21 01:26:57,170Z" category="org.hibernate.engine.internal.StatisticalLoggingSessionEventListener" Session Metrics {
    871456 nanoseconds spent acquiring 1 JDBC connections;
    0 nanoseconds spent releasing 0 JDBC connections;
    88732 nanoseconds spent preparing 1 JDBC statements;
    908081 nanoseconds spent executing 1 JDBC statements;
    0 nanoseconds spent executing 0 JDBC batches;
    0 nanoseconds spent performing 0 L2C puts;
    0 nanoseconds spent performing 0 L2C hits;
    0 nanoseconds spent performing 0 L2C misses;
    162737 nanoseconds spent executing 1 flushes (flushing a total of 4 entities and 0 collections);
    6419 nanoseconds spent executing 1 partial-flushes (flushing a total of 0 entities and 0 collections)
}
level="INFO" timestamp="2018-02-21 01:27:05,115Z" category="com.interview.resource.AccountResource" Request: /balance/transfer :: TransferRequest{senderAccountId='A', receiverAccountId='B', balanceToTransfer='100.0'}
level="INFO" timestamp="2018-02-21 01:27:05,148Z" category="org.hibernate.engine.internal.StatisticalLoggingSessionEventListener" Session Metrics {
    907704 nanoseconds spent acquiring 1 JDBC connections;
    0 nanoseconds spent releasing 0 JDBC connections;
    428931 nanoseconds spent preparing 6 JDBC statements;
    5734318 nanoseconds spent executing 6 JDBC statements;
    0 nanoseconds spent executing 0 JDBC batches;
    0 nanoseconds spent performing 0 L2C puts;
    0 nanoseconds spent performing 0 L2C hits;
    0 nanoseconds spent performing 0 L2C misses;
    16837453 nanoseconds spent executing 1 flushes (flushing a total of 2 entities and 0 collections);
    323963 nanoseconds spent executing 4 partial-flushes (flushing a total of 4 entities and 4 collections)
}
level="INFO" timestamp="2018-02-21 01:27:09,629Z" category="com.interview.resource.AccountResource" Request: /accounts :: Getting all accounts
level="INFO" timestamp="2018-02-21 01:27:09,634Z" category="org.hibernate.engine.internal.StatisticalLoggingSessionEventListener" Session Metrics {
    718159 nanoseconds spent acquiring 1 JDBC connections;
    0 nanoseconds spent releasing 0 JDBC connections;
    49841 nanoseconds spent preparing 1 JDBC statements;
    664919 nanoseconds spent executing 1 JDBC statements;
    0 nanoseconds spent executing 0 JDBC batches;
    0 nanoseconds spent performing 0 L2C puts;
    0 nanoseconds spent performing 0 L2C hits;
    0 nanoseconds spent performing 0 L2C misses;
    369651 nanoseconds spent executing 1 flushes (flushing a total of 4 entities and 0 collections);
    10572 nanoseconds spent executing 1 partial-flushes (flushing a total of 0 entities and 0 collections)
}
level="INFO" timestamp="2018-02-21 01:27:22,469Z" category="com.interview.resource.AccountResource" Request: /balance/transfer :: TransferRequest{senderAccountId='A', receiverAccountId='B', balanceToTransfer='-100.0'}
level="ERROR" timestamp="2018-02-21 01:27:22,470Z" category="com.interview.dao.AccountDAO" Catching Exception: Can not transfer negative balance
level="INFO" timestamp="2018-02-21 01:27:22,470Z" category="com.interview.dao.AccountDAO" Caught exception. Initiating transaction rollback.
level="INFO" timestamp="2018-02-21 01:27:22,472Z" category="org.hibernate.engine.internal.StatisticalLoggingSessionEventListener" Session Metrics {
    666807 nanoseconds spent acquiring 1 JDBC connections;
    0 nanoseconds spent releasing 0 JDBC connections;
    0 nanoseconds spent preparing 0 JDBC statements;
    0 nanoseconds spent executing 0 JDBC statements;
    0 nanoseconds spent executing 0 JDBC batches;
    0 nanoseconds spent performing 0 L2C puts;
    0 nanoseconds spent performing 0 L2C hits;
    0 nanoseconds spent performing 0 L2C misses;
    0 nanoseconds spent executing 0 flushes (flushing a total of 0 entities and 0 collections);
    0 nanoseconds spent executing 0 partial-flushes (flushing a total of 0 entities and 0 collections)
}
level="INFO" timestamp="2018-02-21 01:27:28,601Z" category="com.interview.resource.AccountResource" Request: /accounts :: Getting all accounts
level="INFO" timestamp="2018-02-21 01:27:28,608Z" category="org.hibernate.engine.internal.StatisticalLoggingSessionEventListener" Session Metrics {
    924318 nanoseconds spent acquiring 1 JDBC connections;
    0 nanoseconds spent releasing 0 JDBC connections;
    57015 nanoseconds spent preparing 1 JDBC statements;
    633203 nanoseconds spent executing 1 JDBC statements;
    0 nanoseconds spent executing 0 JDBC batches;
    0 nanoseconds spent performing 0 L2C puts;
    0 nanoseconds spent performing 0 L2C hits;
    0 nanoseconds spent performing 0 L2C misses;
    195965 nanoseconds spent executing 1 flushes (flushing a total of 4 entities and 0 collections);
    18879 nanoseconds spent executing 1 partial-flushes (flushing a total of 0 entities and 0 collections)
}
